<benchmark_description
    summary_method="weighted_geomean"
    greater_is_better="false">

    <test name="spec" weight="1"/>

</benchmark_description>
