<benchmark_description
    summary_method="mean"
    greater_is_better="false">
    <test name="sum" weight="1"/>
</benchmark_description>
