<benchmark_description summary_method="weighted_geomean">
	<test name="test" weight="1"/>
</benchmark_description>
